0 info it worked if it ends with ok
1 verbose cli [ '/usr/bin/node', '/usr/bin/npm', 'publish' ]
2 info using npm@3.10.10
3 info using node@v6.12.3
4 verbose publish [ '.' ]
5 silly cache add args [ '.', null ]
6 verbose cache add spec .
7 silly cache add parsed spec Result {
7 silly cache add   raw: '.',
7 silly cache add   scope: null,
7 silly cache add   escapedName: null,
7 silly cache add   name: null,
7 silly cache add   rawSpec: '.',
7 silly cache add   spec: '/mnt/c/wamp64/www/Asap.js',
7 silly cache add   type: 'directory' }
8 verbose addLocalDirectory /home/SolalDR/.npm/asap-js/0.1.0/package.tgz not in flight; packing
9 verbose correctMkdir /home/SolalDR/.npm correctMkdir not in flight; initializing
10 info lifecycle asap-js@0.1.0~prepublish: asap-js@0.1.0
11 silly lifecycle asap-js@0.1.0~prepublish: no script for prepublish, continuing
12 verbose tar pack [ '/home/SolalDR/.npm/asap-js/0.1.0/package.tgz',
12 verbose tar pack   '/mnt/c/wamp64/www/Asap.js' ]
13 verbose tarball /home/SolalDR/.npm/asap-js/0.1.0/package.tgz
14 verbose folder /mnt/c/wamp64/www/Asap.js
15 verbose addLocalTarball adding from inside cache /home/SolalDR/.npm/asap-js/0.1.0/package.tgz
16 verbose correctMkdir /home/SolalDR/.npm correctMkdir not in flight; initializing
17 silly cache afterAdd asap-js@0.1.0
18 verbose afterAdd /home/SolalDR/.npm/asap-js/0.1.0/package/package.json not in flight; writing
19 verbose correctMkdir /home/SolalDR/.npm correctMkdir not in flight; initializing
20 verbose afterAdd /home/SolalDR/.npm/asap-js/0.1.0/package/package.json written
21 silly publish { name: 'asap-js',
21 silly publish   version: '0.1.0',
21 silly publish   description: 'Create a smooth and animated navigation through your web pages.',
21 silly publish   main: 'dist/js/asap.js',
21 silly publish   scripts:
21 silly publish    { watch: 'gulp watch',
21 silly publish      test: 'mocha',
21 silly publish      coverage: 'node node_modules/.bin/istanbul cover _mocha -- -R spec',
21 silly publish      coveralls: 'cat ./coverage/lcov.info | node node_modules/.bin/coveralls' },
21 silly publish   repository:
21 silly publish    { type: 'git',
21 silly publish      url: 'git+https://github.com/SolalDR/Asap.js.git' },
21 silly publish   author: { name: 'Solal Dussout-Revel' },
21 silly publish   license: 'ISC',
21 silly publish   devDependencies:
21 silly publish    { chai: '^4.1.2',
21 silly publish      coveralls: '^3.0.0',
21 silly publish      gulp: 'latest',
21 silly publish      'gulp-autoprefixer': 'latest',
21 silly publish      'gulp-concat': 'latest',
21 silly publish      'gulp-cssbeautify': 'latest',
21 silly publish      'gulp-csscomb': 'latest',
21 silly publish      'gulp-csso': 'latest',
21 silly publish      'gulp-less': 'latest',
21 silly publish      'gulp-load-plugins': 'latest',
21 silly publish      'gulp-rename': 'latest',
21 silly publish      'gulp-sass': 'latest',
21 silly publish      'gulp-uglify': 'latest',
21 silly publish      istanbul: '^0.4.5',
21 silly publish      mocha: 'latest' },
21 silly publish   readme: '# Asap.js\n\n[![codebeat badge](https://codebeat.co/badges/cccf2811-305f-4b8c-be2a-b1185f60240e)](https://codebeat.co/projects/github-com-solaldr-asap-js-master)\n[![Maintainability](https://api.codeclimate.com/v1/badges/7b84dccff13eb4395c81/maintainability)](https://codeclimate.com/github/SolalDR/Asap.js/maintainability)\n[![Build Status](https://travis-ci.org/SolalDR/Asap.js.svg?branch=master)](https://travis-ci.org/SolalDR/Asap.js)\n\nCreate a smooth and animated navigation through your web pages. \nA click on a link generate a XHR request and load the content asynchronous. \n\n\n## How to use\n\nAdd the script in the head of your documents (don\'t forget defer)\n``` html\n<script defer src="path/to/asaplink.js"></script>\n```\n\n## How does it work\n\n- All the link `<a>` are detect at the begining.\n- On a click the `href` attribute is transformed in a formated URL (if possible) \n- An ajax request is send to this URL\n- The raw content of the response is parsed in a virtual HTMLDocument\n- The node source in the actual document is replaces by the target node (by default, those elements are `<body>`)  \n\n## Compatibility\n\nAsap.js is write in ES5 syntax.\n',
21 silly publish   readmeFilename: 'README.md',
21 silly publish   gitHead: '2c7bdc53f2cb56569153da5a96240fd453c3a95e',
21 silly publish   bugs: { url: 'https://github.com/SolalDR/Asap.js/issues' },
21 silly publish   homepage: 'https://github.com/SolalDR/Asap.js#readme',
21 silly publish   _id: 'asap-js@0.1.0',
21 silly publish   _shasum: '40f60af3fe394d3b653fa90c9cf3625d959efd89',
21 silly publish   _from: '.' }
22 verbose getPublishConfig undefined
23 silly mapToRegistry name asap-js
24 silly mapToRegistry using default registry
25 silly mapToRegistry registry https://registry.npmjs.org/
26 silly mapToRegistry data Result {
26 silly mapToRegistry   raw: 'asap-js',
26 silly mapToRegistry   scope: null,
26 silly mapToRegistry   escapedName: 'asap-js',
26 silly mapToRegistry   name: 'asap-js',
26 silly mapToRegistry   rawSpec: '',
26 silly mapToRegistry   spec: 'latest',
26 silly mapToRegistry   type: 'tag' }
27 silly mapToRegistry uri https://registry.npmjs.org/asap-js
28 verbose publish registryBase https://registry.npmjs.org/
29 silly publish uploading /home/SolalDR/.npm/asap-js/0.1.0/package.tgz
30 verbose request uri https://registry.npmjs.org/asap-js
31 verbose request sending authorization for write operation
32 info attempt registry request try #1 at 06:51:08
33 verbose request using bearer token for auth
34 verbose request id f4d34e7ba6105697
35 http request PUT https://registry.npmjs.org/asap-js
36 http 403 https://registry.npmjs.org/asap-js
37 verbose headers { 'content-type': 'application/json',
37 verbose headers   'cache-control': 'max-age=300',
37 verbose headers   'content-length': '91',
37 verbose headers   'accept-ranges': 'bytes',
37 verbose headers   date: 'Mon, 05 Feb 2018 14:51:15 GMT',
37 verbose headers   via: '1.1 varnish',
37 verbose headers   connection: 'keep-alive',
37 verbose headers   'x-served-by': 'cache-lhr6332-LHR',
37 verbose headers   'x-cache': 'MISS',
37 verbose headers   'x-cache-hits': '0',
37 verbose headers   'x-timer': 'S1517842274.954027,VS0,VE1800',
37 verbose headers   vary: 'Accept-Encoding, Accept' }
38 verbose request invalidating /home/SolalDR/.npm/registry.npmjs.org/asap-js on PUT
39 error publish Failed PUT 403
40 verbose stack Error: You cannot publish over the previously published version 0.1.0. : asap-js
40 verbose stack     at makeError (/usr/lib/node_modules/npm/node_modules/npm-registry-client/lib/request.js:302:12)
40 verbose stack     at CachingRegistryClient.<anonymous> (/usr/lib/node_modules/npm/node_modules/npm-registry-client/lib/request.js:290:14)
40 verbose stack     at Request._callback (/usr/lib/node_modules/npm/node_modules/npm-registry-client/lib/request.js:210:14)
40 verbose stack     at Request.self.callback (/usr/lib/node_modules/npm/node_modules/request/request.js:187:22)
40 verbose stack     at emitTwo (events.js:106:13)
40 verbose stack     at Request.emit (events.js:191:7)
40 verbose stack     at Request.<anonymous> (/usr/lib/node_modules/npm/node_modules/request/request.js:1048:10)
40 verbose stack     at emitOne (events.js:96:13)
40 verbose stack     at Request.emit (events.js:188:7)
40 verbose stack     at IncomingMessage.<anonymous> (/usr/lib/node_modules/npm/node_modules/request/request.js:969:12)
41 verbose statusCode 403
42 verbose pkgid asap-js
43 verbose cwd /mnt/c/wamp64/www/Asap.js
44 error Linux 4.4.0-43-Microsoft
45 error argv "/usr/bin/node" "/usr/bin/npm" "publish"
46 error node v6.12.3
47 error npm  v3.10.10
48 error code E403
49 error You cannot publish over the previously published version 0.1.0. : asap-js
50 error If you need help, you may report this error at:
50 error     <https://github.com/npm/npm/issues>
51 verbose exit [ 1, true ]
